<?xml version="1.0" encoding="UTF-8"?>
<testng-results skipped="0" failed="0" ignored="0" total="1" passed="1">
  <reporter-output>
  </reporter-output>
  <suite name="BDD Test Suite" duration-ms="10039" started-at="2019-03-28T20:53:55Z" finished-at="2019-03-28T20:54:05Z">
    <groups>
      <group name="cucumber">
        <method signature="TestRunner2.feature(cucumber.api.testng.CucumberFeatureWrapper)[pri:0, instance:runner.TestRunner2@6d78f375]" name="feature" class="runner.TestRunner2"/>
      </group> <!-- cucumber -->
    </groups>
    <test name="Android" duration-ms="10039" started-at="2019-03-28T20:53:55Z" finished-at="2019-03-28T20:54:05Z">
      <class name="runner.TestRunner2">
        <test-method status="PASS" signature="config_driver(java.lang.String)[pri:0, instance:runner.TestRunner2@6d78f375]" name="config_driver" is-config="true" duration-ms="1910" started-at="2019-03-28T20:53:55Z" finished-at="2019-03-28T20:53:57Z">
          <params>
            <param index="0">
              <value>
                <![CDATA[chrome]]>
              </value>
            </param>
          </params>
          <reporter-output>
          </reporter-output>
        </test-method> <!-- config_driver -->
        <test-method status="PASS" signature="setUpClass()[pri:0, instance:runner.TestRunner2@6d78f375]" name="setUpClass" is-config="true" duration-ms="167" started-at="2019-03-28T20:53:57Z" finished-at="2019-03-28T20:53:57Z">
          <reporter-output>
          </reporter-output>
        </test-method> <!-- setUpClass -->
        <test-method status="PASS" signature="feature(cucumber.api.testng.CucumberFeatureWrapper)[pri:0, instance:runner.TestRunner2@6d78f375]" name="feature" duration-ms="7590" started-at="2019-03-28T20:53:57Z" description="Runs Cucumber Feature" data-provider="features" finished-at="2019-03-28T20:54:05Z">
          <params>
            <param index="0">
              <value>
                <![CDATA[User Booking validation]]>
              </value>
            </param>
          </params>
          <reporter-output>
          </reporter-output>
        </test-method> <!-- feature -->
        <test-method status="PASS" signature="tearDownClass()[pri:0, instance:runner.TestRunner2@6d78f375]" name="tearDownClass" is-config="true" duration-ms="292" started-at="2019-03-28T20:54:05Z" finished-at="2019-03-28T20:54:05Z">
          <reporter-output>
          </reporter-output>
        </test-method> <!-- tearDownClass -->
        <test-method status="PASS" signature="Report()[pri:0, instance:runner.TestRunner2@6d78f375]" name="Report" is-config="true" duration-ms="117" started-at="2019-03-28T20:54:05Z" finished-at="2019-03-28T20:54:05Z">
          <reporter-output>
          </reporter-output>
        </test-method> <!-- Report -->
      </class> <!-- runner.TestRunner2 -->
    </test> <!-- Android -->
  </suite> <!-- BDD Test Suite -->
</testng-results>
